# JRE version: Java(TM) SE Runtime Environment (8.0_162-b12) (build 1.8.0_162-b12)
# Java VM: Java HotSpot(TM) 64-Bit Server VM (25.162-b12 mixed mode bsd-amd64 compressed oops)
Heap:
 PSYoungGen      total 97280K, used 83701K [0x000000076ab00000, 0x0000000771580000, 0x00000007c0000000)
  eden space 89600K, 89% used [0x000000076ab00000,0x000000076f8f0e78,0x0000000770280000)
  from space 7680K, 50% used [0x0000000770e00000,0x00000007711cc610,0x0000000771580000)
  to   space 9728K, 0% used [0x0000000770280000,0x0000000770280000,0x0000000770c00000)
 ParOldGen       total 111616K, used 7976K [0x00000006c0000000, 0x00000006c6d00000, 0x000000076ab00000)
  object space 111616K, 7% used [0x00000006c0000000,0x00000006c07ca330,0x00000006c6d00000)
 Metaspace       used 27170K, capacity 27438K, committed 27568K, reserved 1073152K
  class space    used 3310K, capacity 3408K, committed 3504K, reserved 1048576K
GC Heap History (10 events):
Event: 9.913 GC heap before
{Heap before GC invocations=3 (full 0):
 PSYoungGen      total 76288K, used 70768K [0x000000076ab00000, 0x0000000770000000, 0x00000007c0000000)
  eden space 65536K, 100% used [0x000000076ab00000,0x000000076eb00000,0x000000076eb00000)
  from space 10752K, 48% used [0x000000076f580000,0x000000076fa9c090,0x0000000770000000)
  to   space 10752K, 0% used [0x000000076eb00000,0x000000076eb00000,0x000000076f580000)
 ParOldGen       total 175104K, used 16K [0x00000006c0000000, 0x00000006cab00000, 0x000000076ab00000)
  object space 175104K, 0% used [0x00000006c0000000,0x00000006c0004000,0x00000006cab00000)
 Metaspace       used 15280K, capacity 15394K, committed 15488K, reserved 1062912K
  class space    used 1834K, capacity 1843K, committed 1920K, reserved 1048576K
Event: 9.932 GC heap after
Heap after GC invocations=3 (full 0):
 PSYoungGen      total 76288K, used 7531K [0x000000076ab00000, 0x0000000770000000, 0x00000007c0000000)
  eden space 65536K, 0% used [0x000000076ab00000,0x000000076ab00000,0x000000076eb00000)
  from space 10752K, 70% used [0x000000076eb00000,0x000000076f25af58,0x000000076f580000)
  to   space 10752K, 0% used [0x000000076f580000,0x000000076f580000,0x0000000770000000)
 ParOldGen       total 175104K, used 24K [0x00000006c0000000, 0x00000006cab00000, 0x000000076ab00000)
  object space 175104K, 0% used [0x00000006c0000000,0x00000006c0006000,0x00000006cab00000)
 Metaspace       used 15280K, capacity 15394K, committed 15488K, reserved 1062912K
  class space    used 1834K, capacity 1843K, committed 1920K, reserved 1048576K
}
Event: 12.796 GC heap before
{Heap before GC invocations=4 (full 0):
 PSYoungGen      total 76288K, used 63080K [0x000000076ab00000, 0x0000000770000000, 0x00000007c0000000)
  eden space 65536K, 84% used [0x000000076ab00000,0x000000076e13f0f0,0x000000076eb00000)
  from space 10752K, 70% used [0x000000076eb00000,0x000000076f25af58,0x000000076f580000)
  to   space 10752K, 0% used [0x000000076f580000,0x000000076f580000,0x0000000770000000)
 ParOldGen       total 175104K, used 24K [0x00000006c0000000, 0x00000006cab00000, 0x000000076ab00000)
  object space 175104K, 0% used [0x00000006c0000000,0x00000006c0006000,0x00000006cab00000)
 Metaspace       used 21102K, capacity 21248K, committed 21296K, reserved 1069056K
  class space    used 2554K, capacity 2600K, committed 2608K, reserved 1048576K
Event: 12.815 GC heap after
Heap after GC invocations=4 (full 0):
 PSYoungGen      total 76288K, used 8091K [0x000000076ab00000, 0x0000000770000000, 0x00000007c0000000)
  eden space 65536K, 0% used [0x000000076ab00000,0x000000076ab00000,0x000000076eb00000)
  from space 10752K, 75% used [0x000000076f580000,0x000000076fd66e50,0x0000000770000000)
  to   space 10752K, 0% used [0x000000076eb00000,0x000000076eb00000,0x000000076f580000)
 ParOldGen       total 175104K, used 96K [0x00000006c0000000, 0x00000006cab00000, 0x000000076ab00000)
  object space 175104K, 0% used [0x00000006c0000000,0x00000006c0018010,0x00000006cab00000)
 Metaspace       used 21102K, capacity 21248K, committed 21296K, reserved 1069056K
  class space    used 2554K, capacity 2600K, committed 2608K, reserved 1048576K
}
Event: 12.815 GC heap before
{Heap before GC invocations=5 (full 1):
 PSYoungGen      total 76288K, used 8091K [0x000000076ab00000, 0x0000000770000000, 0x00000007c0000000)
  eden space 65536K, 0% used [0x000000076ab00000,0x000000076ab00000,0x000000076eb00000)
  from space 10752K, 75% used [0x000000076f580000,0x000000076fd66e50,0x0000000770000000)
  to   space 10752K, 0% used [0x000000076eb00000,0x000000076eb00000,0x000000076f580000)
 ParOldGen       total 175104K, used 96K [0x00000006c0000000, 0x00000006cab00000, 0x000000076ab00000)
  object space 175104K, 0% used [0x00000006c0000000,0x00000006c0018010,0x00000006cab00000)
 Metaspace       used 21102K, capacity 21248K, committed 21296K, reserved 1069056K
  class space    used 2554K, capacity 2600K, committed 2608K, reserved 1048576K
Event: 12.912 GC heap after
Heap after GC invocations=5 (full 1):
 PSYoungGen      total 76288K, used 0K [0x000000076ab00000, 0x0000000770000000, 0x00000007c0000000)
  eden space 65536K, 0% used [0x000000076ab00000,0x000000076ab00000,0x000000076eb00000)
  from space 10752K, 0% used [0x000000076f580000,0x000000076f580000,0x0000000770000000)
  to   space 10752K, 0% used [0x000000076eb00000,0x000000076eb00000,0x000000076f580000)
 ParOldGen       total 111616K, used 7960K [0x00000006c0000000, 0x00000006c6d00000, 0x000000076ab00000)
  object space 111616K, 7% used [0x00000006c0000000,0x00000006c07c6330,0x00000006c6d00000)
 Metaspace       used 21102K, capacity 21248K, committed 21296K, reserved 1069056K
  class space    used 2554K, capacity 2600K, committed 2608K, reserved 1048576K
}
Event: 16.431 GC heap before
{Heap before GC invocations=6 (full 1):
 PSYoungGen      total 76288K, used 65536K [0x000000076ab00000, 0x0000000770000000, 0x00000007c0000000)
  eden space 65536K, 100% used [0x000000076ab00000,0x000000076eb00000,0x000000076eb00000)
  from space 10752K, 0% used [0x000000076f580000,0x000000076f580000,0x0000000770000000)
  to   space 10752K, 0% used [0x000000076eb00000,0x000000076eb00000,0x000000076f580000)
 ParOldGen       total 111616K, used 7960K [0x00000006c0000000, 0x00000006c6d00000, 0x000000076ab00000)
  object space 111616K, 7% used [0x00000006c0000000,0x00000006c07c6330,0x00000006c6d00000)
 Metaspace       used 24128K, capacity 24378K, committed 24496K, reserved 1071104K
  class space    used 2897K, capacity 2978K, committed 2992K, reserved 1048576K
Event: 16.443 GC heap after
Heap after GC invocations=6 (full 1):
 PSYoungGen      total 76288K, used 3024K [0x000000076ab00000, 0x0000000771780000, 0x00000007c0000000)
  eden space 65536K, 0% used [0x000000076ab00000,0x000000076ab00000,0x000000076eb00000)
  from space 10752K, 28% used [0x000000076eb00000,0x000000076edf4230,0x000000076f580000)
  to   space 9728K, 0% used [0x0000000770e00000,0x0000000770e00000,0x0000000771780000)
 ParOldGen       total 111616K, used 7968K [0x00000006c0000000, 0x00000006c6d00000, 0x000000076ab00000)
  object space 111616K, 7% used [0x00000006c0000000,0x00000006c07c8330,0x00000006c6d00000)
 Metaspace       used 24128K, capacity 24378K, committed 24496K, reserved 1071104K
  class space    used 2897K, capacity 2978K, committed 2992K, reserved 1048576K
}
Event: 19.629 GC heap before
{Heap before GC invocations=7 (full 1):
 PSYoungGen      total 76288K, used 68560K [0x000000076ab00000, 0x0000000771780000, 0x00000007c0000000)
  eden space 65536K, 100% used [0x000000076ab00000,0x000000076eb00000,0x000000076eb00000)
  from space 10752K, 28% used [0x000000076eb00000,0x000000076edf4230,0x000000076f580000)
  to   space 9728K, 0% used [0x0000000770e00000,0x0000000770e00000,0x0000000771780000)
 ParOldGen       total 111616K, used 7968K [0x00000006c0000000, 0x00000006c6d00000, 0x000000076ab00000)
  object space 111616K, 7% used [0x00000006c0000000,0x00000006c07c8330,0x00000006c6d00000)
 Metaspace       used 25133K, capacity 25368K, committed 25648K, reserved 1071104K
  class space    used 3024K, capacity 3111K, committed 3120K, reserved 1048576K
Event: 19.637 GC heap after
Heap after GC invocations=7 (full 1):
 PSYoungGen      total 97280K, used 3889K [0x000000076ab00000, 0x0000000771580000, 0x00000007c0000000)
  eden space 89600K, 0% used [0x000000076ab00000,0x000000076ab00000,0x0000000770280000)
  from space 7680K, 50% used [0x0000000770e00000,0x00000007711cc610,0x0000000771580000)
  to   space 9728K, 0% used [0x0000000770280000,0x0000000770280000,0x0000000770c00000)
 ParOldGen       total 111616K, used 7976K [0x00000006c0000000, 0x00000006c6d00000, 0x000000076ab00000)
  object space 111616K, 7% used [0x00000006c0000000,0x00000006c07ca330,0x00000006c6d00000)
 Metaspace       used 25133K, capacity 25368K, committed 25648K, reserved 1071104K
  class space    used 3024K, capacity 3111K, committed 3120K, reserved 1048576K
}

